<?xml version="1.0" encoding="UTF-8"?>
<testsuite name="org.gradle.sample.list.LinkedListTest" tests="4" skipped="0" failures="0" errors="0" timestamp="2020-12-31T15:42:28" hostname="Josephs-MacBook-Pro.local" time="0.036">
  <properties/>
  <testcase name="testAdd()" classname="org.gradle.sample.list.LinkedListTest" time="0.031"/>
  <testcase name="testRemoveMissing()" classname="org.gradle.sample.list.LinkedListTest" time="0.002"/>
  <testcase name="testRemove()" classname="org.gradle.sample.list.LinkedListTest" time="0.001"/>
  <testcase name="testConstructor()" classname="org.gradle.sample.list.LinkedListTest" time="0.001"/>
  <system-out><![CDATA[]]></system-out>
  <system-err><![CDATA[]]></system-err>
</testsuite>
